Execution: Exception raised while trying to make component state_estimation from config info:
   GNSSStateEstimator
Execution: Traceback (most recent call last):
  File "/home/gem/group6_project/GEMstack/GEMstack/onboard/execution/execution.py", line 386, in make_component
    component = make_class(config_info,component_name,parent_module,extra_args)
  File "/home/gem/group6_project/GEMstack/GEMstack/onboard/execution/execution.py", line 135, in make_class
    return klass(*args,**kwargs,**extra_args)
  File "/home/gem/group6_project/GEMstack/GEMstack/onboard/perception/state_estimation.py", line 20, in __init__
    vehicle_interface.subscribe_sensor('gnss',self.c,ObjectPose)
AttributeError: 'GNSSStateEstimator' object has no attribute 'c'

Traceback (most recent call last):
  File "main.py", line 30, in <module>
    entrypoint.main()
  File "/home/gem/group6_project/GEMstack/GEMstack/onboard/execution/entrypoint.py", line 111, in main
    perception_components[k] = mission_executor.make_component(v,k,'GEMstack.onboard.perception', {'vehicle_interface':vehicle_interface})
  File "/home/gem/group6_project/GEMstack/GEMstack/onboard/execution/execution.py", line 386, in make_component
    component = make_class(config_info,component_name,parent_module,extra_args)
  File "/home/gem/group6_project/GEMstack/GEMstack/onboard/execution/execution.py", line 135, in make_class
    return klass(*args,**kwargs,**extra_args)
  File "/home/gem/group6_project/GEMstack/GEMstack/onboard/perception/state_estimation.py", line 20, in __init__
    vehicle_interface.subscribe_sensor('gnss',self.c,ObjectPose)
AttributeError: 'GNSSStateEstimator' object has no attribute 'c'
gem@gem-nuvo:~/group6_project/GEMstack$ ls

